[0m11:49:01.401751 [debug] [MainThread]: Sending event: {'category': 'dbt', 'action': 'invocation', 'label': 'start', 'context': [<snowplow_tracker.self_describing_json.SelfDescribingJson object at 0x107c09d00>, <snowplow_tracker.self_describing_json.SelfDescribingJson object at 0x1098a8550>, <snowplow_tracker.self_describing_json.SelfDescribingJson object at 0x1098a8370>]}


============================== 11:49:01.404508 | 41ac901b-3d7c-4783-8db5-e6553ab0e7e0 ==============================
[0m11:49:01.404508 [info ] [MainThread]: Running with dbt=1.10.13
[0m11:49:01.404864 [debug] [MainThread]: running dbt with arguments {'introspect': 'True', 'quiet': 'False', 'use_experimental_parser': 'False', 'warn_error': 'None', 'indirect_selection': 'eager', 'use_colors': 'True', 'debug': 'False', 'static_parser': 'True', 'target_path': 'None', 'printer_width': '80', 'invocation_command': 'dbt init nhl_analytics --profiles-dir=.', 'write_json': 'True', 'profiles_dir': '.', 'empty': 'None', 'fail_fast': 'False', 'no_print': 'None', 'log_path': 'logs', 'version_check': 'True', 'log_format': 'default', 'warn_error_options': 'WarnErrorOptionsV2(error=[], warn=[], silence=[])', 'cache_selected_only': 'False', 'partial_parse': 'True', 'send_anonymous_usage_stats': 'True', 'log_cache_events': 'False'}
[0m11:49:01.412143 [debug] [MainThread]: Starter project path: /Users/izaakford/Desktop/demo_sports_data_project/.venv/lib/python3.9/site-packages/dbt/include/starter_project
[0m11:49:01.415829 [info ] [MainThread]: 
Your new dbt project "nhl_analytics" was created!

For more information on how to configure the profiles.yml file,
please consult the dbt documentation here:

  https://docs.getdbt.com/docs/configure-your-profile

One more thing:

Need help? Don't hesitate to reach out to us via GitHub issues or on Slack:

  https://community.getdbt.com/

Happy modeling!

[0m11:49:01.416134 [info ] [MainThread]: Setting up your profile.
[0m11:49:24.793069 [info ] [MainThread]: Profile nhl_analytics written to profiles.yml using target's sample configuration. Once updated, you'll be able to start developing with dbt.
[0m11:49:24.794675 [debug] [MainThread]: Resource report: {"command_name": "init", "command_success": true, "command_wall_clock_time": 23.438225, "process_in_blocks": "0", "process_kernel_time": 0.135803, "process_mem_max_rss": "113377280", "process_out_blocks": "0", "process_user_time": 0.907124}
[0m11:49:24.795043 [debug] [MainThread]: Command `dbt init` succeeded at 11:49:24.794936 after 23.44 seconds
[0m11:49:24.795306 [debug] [MainThread]: Sending event: {'category': 'dbt', 'action': 'invocation', 'label': 'end', 'context': [<snowplow_tracker.self_describing_json.SelfDescribingJson object at 0x107c09d00>, <snowplow_tracker.self_describing_json.SelfDescribingJson object at 0x1098856a0>, <snowplow_tracker.self_describing_json.SelfDescribingJson object at 0x1098a8220>]}
[0m11:49:24.795561 [debug] [MainThread]: Flushing usage events
[0m11:49:25.132446 [debug] [MainThread]: An error was encountered while trying to flush usage events
